<?xml version="1.0" encoding="UTF-8"?>
<!-- Generated by org.testng.reporters.JUnitXMLReporter -->
<testsuite ignored="3" hostname="DESKTOP-OVMT1C2" failures="0" tests="1" name="Default test" time="40.632" errors="0" timestamp="2022-03-13T10:53:28 ICT">
  <testcase classname="testcases.LoginTestMaven" name="LoginFailureTest" time="18.622"/>
  <testcase classname="testcases.LoginTestMaven" name="ParameterizedTest" time="0.0">
    <ignored/>
  </testcase> <!-- ParameterizedTest -->
  <testcase classname="testcases.LoginTestMaven" name="ExternalDataTest" time="0.0">
    <ignored/>
  </testcase> <!-- ExternalDataTest -->
  <testcase classname="testcases.LoginTestMaven" name="LoginSuccessTest" time="0.0">
    <ignored/>
  </testcase> <!-- LoginSuccessTest -->
</testsuite> <!-- Default test -->
