<?xml version="1.0" encoding="UTF-8"?>
<!-- Generated by org.testng.reporters.JUnitXMLReporter -->
<testsuite ignored="0" hostname="LAPTOP-GNM6GJCG" failures="0" tests="4" name="testng" time="55.412" errors="0" timestamp="2022-07-08T11:01:21 ICT">
  <testcase classname="testcases.LoginTestMaven" name="ExternalDataTest" time="10.946"/>
  <testcase classname="testcases.LoginTestMaven" name="LoginFailureTest" time="9.364"/>
  <testcase classname="testcases.LoginTestMaven" name="LoginSuccessTest" time="12.524"/>
  <testcase classname="testcases.LoginTestMaven" name="ParameterizedTest" time="9.26"/>
</testsuite> <!-- testng -->
