<?xml version="1.0" encoding="UTF-8"?>
<!-- Generated by org.testng.reporters.JUnitXMLReporter -->
<testsuite ignored="0" hostname="DESKTOP-OVMT1C2" failures="0" tests="4" name="testng" time="121.994" errors="0" timestamp="2022-06-30T10:51:40 ICT">
  <testcase classname="testcases.LoginTestMaven" name="ExternalDataTest" time="16.793"/>
  <testcase classname="testcases.LoginTestMaven" name="LoginFailureTest" time="16.778"/>
  <testcase classname="testcases.LoginTestMaven" name="LoginSuccessTest" time="15.399"/>
  <testcase classname="testcases.LoginTestMaven" name="ParameterizedTest" time="29.403"/>
</testsuite> <!-- testng -->
