<?xml version="1.0" encoding="UTF-8"?>
<!-- Generated by org.testng.reporters.JUnitXMLReporter -->
<testsuite hostname="DESKTOP-OVMT1C2" ignored="0" name="testng" tests="4" failures="0" timestamp="2022-03-19T11:12:35 ICT" time="137.986" errors="0">
  <testcase name="ExternalDataTest" time="12.814" classname="testcases.LoginTestMaven"/>
  <testcase name="LoginFailureTest" time="15.86" classname="testcases.LoginTestMaven"/>
  <testcase name="LoginSuccessTest" time="24.974" classname="testcases.LoginTestMaven"/>
  <testcase name="ParameterizedTest" time="20.739" classname="testcases.LoginTestMaven"/>
</testsuite> <!-- testng -->
