<?xml version="1.0" encoding="UTF-8"?>
<testng-results ignored="0" total="4" passed="4" failed="0" skipped="0">
  <reporter-output>
  </reporter-output>
  <suite started-at="2022-07-15T13:07:52 ICT" name="Suite" finished-at="2022-07-15T13:08:50 ICT" duration-ms="58189">
    <groups>
    </groups>
    <test started-at="2022-07-15T13:07:52 ICT" name="testng" finished-at="2022-07-15T13:08:50 ICT" duration-ms="58189">
      <class name="testcases.LoginTestMaven">
        <test-method is-config="true" signature="DataSetUP()[pri:0, instance:testcases.LoginTestMaven@3d6f0054]" started-at="2022-07-15T13:07:52 ICT" name="DataSetUP" finished-at="2022-07-15T13:07:52 ICT" duration-ms="733" status="PASS">
          <reporter-output>
          </reporter-output>
        </test-method> <!-- DataSetUP -->
        <test-method is-config="true" signature="SetUp(java.lang.reflect.Method)[pri:0, instance:testcases.LoginTestMaven@3d6f0054]" started-at="2022-07-15T13:07:52 ICT" name="SetUp" finished-at="2022-07-15T13:07:58 ICT" duration-ms="5240" status="PASS">
          <params>
            <param index="0">
              <value>
                <![CDATA[public void testcases.LoginTestMaven.ExternalDataTest()]]>
              </value>
            </param>
          </params>
          <reporter-output>
          </reporter-output>
        </test-method> <!-- SetUp -->
        <test-method signature="ExternalDataTest()[pri:0, instance:testcases.LoginTestMaven@3d6f0054]" started-at="2022-07-15T13:07:58 ICT" name="ExternalDataTest" finished-at="2022-07-15T13:08:09 ICT" duration-ms="11353" status="PASS">
          <reporter-output>
          </reporter-output>
        </test-method> <!-- ExternalDataTest -->
        <test-method is-config="true" signature="TearDown()[pri:0, instance:testcases.LoginTestMaven@3d6f0054]" started-at="2022-07-15T13:08:09 ICT" name="TearDown" finished-at="2022-07-15T13:08:09 ICT" duration-ms="187" status="PASS">
          <reporter-output>
          </reporter-output>
        </test-method> <!-- TearDown -->
        <test-method is-config="true" signature="SetUp(java.lang.reflect.Method)[pri:0, instance:testcases.LoginTestMaven@3d6f0054]" started-at="2022-07-15T13:08:09 ICT" name="SetUp" finished-at="2022-07-15T13:08:13 ICT" duration-ms="3373" status="PASS">
          <params>
            <param index="0">
              <value>
                <![CDATA[public void testcases.LoginTestMaven.LoginFailureTest()]]>
              </value>
            </param>
          </params>
          <reporter-output>
          </reporter-output>
        </test-method> <!-- SetUp -->
        <test-method signature="LoginFailureTest()[pri:0, instance:testcases.LoginTestMaven@3d6f0054]" started-at="2022-07-15T13:08:13 ICT" name="LoginFailureTest" finished-at="2022-07-15T13:08:22 ICT" duration-ms="9603" status="PASS">
          <reporter-output>
          </reporter-output>
        </test-method> <!-- LoginFailureTest -->
        <test-method is-config="true" signature="TearDown()[pri:0, instance:testcases.LoginTestMaven@3d6f0054]" started-at="2022-07-15T13:08:22 ICT" name="TearDown" finished-at="2022-07-15T13:08:22 ICT" duration-ms="157" status="PASS">
          <reporter-output>
          </reporter-output>
        </test-method> <!-- TearDown -->
        <test-method is-config="true" signature="SetUp(java.lang.reflect.Method)[pri:0, instance:testcases.LoginTestMaven@3d6f0054]" started-at="2022-07-15T13:08:22 ICT" name="SetUp" finished-at="2022-07-15T13:08:25 ICT" duration-ms="3123" status="PASS">
          <params>
            <param index="0">
              <value>
                <![CDATA[public void testcases.LoginTestMaven.LoginSuccessTest()]]>
              </value>
            </param>
          </params>
          <reporter-output>
          </reporter-output>
        </test-method> <!-- SetUp -->
        <test-method signature="LoginSuccessTest()[pri:0, instance:testcases.LoginTestMaven@3d6f0054]" started-at="2022-07-15T13:08:25 ICT" name="LoginSuccessTest" finished-at="2022-07-15T13:08:35 ICT" duration-ms="9835" status="PASS">
          <reporter-output>
          </reporter-output>
        </test-method> <!-- LoginSuccessTest -->
        <test-method is-config="true" signature="TearDown()[pri:0, instance:testcases.LoginTestMaven@3d6f0054]" started-at="2022-07-15T13:08:35 ICT" name="TearDown" finished-at="2022-07-15T13:08:35 ICT" duration-ms="147" status="PASS">
          <reporter-output>
          </reporter-output>
        </test-method> <!-- TearDown -->
        <test-method is-config="true" signature="SetUp(java.lang.reflect.Method)[pri:0, instance:testcases.LoginTestMaven@3d6f0054]" started-at="2022-07-15T13:08:35 ICT" name="SetUp" finished-at="2022-07-15T13:08:38 ICT" duration-ms="3112" status="PASS">
          <params>
            <param index="0">
              <value>
                <![CDATA[public void testcases.LoginTestMaven.ParameterizedTest(java.lang.String,java.lang.String)]]>
              </value>
            </param>
          </params>
          <reporter-output>
          </reporter-output>
        </test-method> <!-- SetUp -->
        <test-method signature="ParameterizedTest(java.lang.String,java.lang.String)[pri:0, instance:testcases.LoginTestMaven@3d6f0054]" started-at="2022-07-15T13:08:38 ICT" name="ParameterizedTest" finished-at="2022-07-15T13:08:49 ICT" duration-ms="10924" status="PASS">
          <params>
            <param index="0">
              <value>
                <![CDATA[xyz@abc.com]]>
              </value>
            </param>
            <param index="1">
              <value>
                <![CDATA[Abc@12345]]>
              </value>
            </param>
          </params>
          <reporter-output>
          </reporter-output>
        </test-method> <!-- ParameterizedTest -->
        <test-method is-config="true" signature="TearDown()[pri:0, instance:testcases.LoginTestMaven@3d6f0054]" started-at="2022-07-15T13:08:49 ICT" name="TearDown" finished-at="2022-07-15T13:08:50 ICT" duration-ms="149" status="PASS">
          <reporter-output>
          </reporter-output>
        </test-method> <!-- TearDown -->
        <test-method is-config="true" signature="DataTearDown()[pri:0, instance:testcases.LoginTestMaven@3d6f0054]" started-at="2022-07-15T13:08:50 ICT" name="DataTearDown" finished-at="2022-07-15T13:08:50 ICT" duration-ms="201" status="PASS">
          <reporter-output>
          </reporter-output>
        </test-method> <!-- DataTearDown -->
      </class> <!-- testcases.LoginTestMaven -->
    </test> <!-- testng -->
  </suite> <!-- Suite -->
</testng-results>
