<?xml version="1.0" encoding="UTF-8"?>
<testng-results ignored="0" total="4" passed="4" failed="0" skipped="0">
  <reporter-output>
  </reporter-output>
  <suite started-at="2022-03-13T11:31:29 ICT" name="Suite" finished-at="2022-03-13T11:33:32 ICT" duration-ms="123965">
    <groups>
    </groups>
    <test started-at="2022-03-13T11:31:29 ICT" name="testng" finished-at="2022-03-13T11:33:32 ICT" duration-ms="123965">
      <class name="testcases.LoginTestMaven">
        <test-method is-config="true" signature="DataSetUP()[pri:0, instance:testcases.LoginTestMaven@342c38f8]" started-at="2022-03-13T11:31:29 ICT" name="DataSetUP" finished-at="2022-03-13T11:31:33 ICT" duration-ms="4878" status="PASS">
          <reporter-output>
          </reporter-output>
        </test-method> <!-- DataSetUP -->
        <test-method is-config="true" signature="SetUp(java.lang.reflect.Method)[pri:0, instance:testcases.LoginTestMaven@342c38f8]" started-at="2022-03-13T11:31:34 ICT" name="SetUp" finished-at="2022-03-13T11:31:47 ICT" duration-ms="13812" status="PASS">
          <params>
            <param index="0">
              <value>
                <![CDATA[public void testcases.LoginTestMaven.ExternalDataTest()]]>
              </value>
            </param>
          </params>
          <reporter-output>
          </reporter-output>
        </test-method> <!-- SetUp -->
        <test-method signature="ExternalDataTest()[pri:0, instance:testcases.LoginTestMaven@342c38f8]" started-at="2022-03-13T11:31:47 ICT" name="ExternalDataTest" finished-at="2022-03-13T11:32:04 ICT" duration-ms="16614" status="PASS">
          <reporter-output>
          </reporter-output>
        </test-method> <!-- ExternalDataTest -->
        <test-method is-config="true" signature="TearDown()[pri:0, instance:testcases.LoginTestMaven@342c38f8]" started-at="2022-03-13T11:32:04 ICT" name="TearDown" finished-at="2022-03-13T11:32:05 ICT" duration-ms="885" status="PASS">
          <reporter-output>
          </reporter-output>
        </test-method> <!-- TearDown -->
        <test-method is-config="true" signature="SetUp(java.lang.reflect.Method)[pri:0, instance:testcases.LoginTestMaven@342c38f8]" started-at="2022-03-13T11:32:05 ICT" name="SetUp" finished-at="2022-03-13T11:32:17 ICT" duration-ms="12176" status="PASS">
          <params>
            <param index="0">
              <value>
                <![CDATA[public void testcases.LoginTestMaven.LoginFailureTest()]]>
              </value>
            </param>
          </params>
          <reporter-output>
          </reporter-output>
        </test-method> <!-- SetUp -->
        <test-method signature="LoginFailureTest()[pri:0, instance:testcases.LoginTestMaven@342c38f8]" started-at="2022-03-13T11:32:17 ICT" name="LoginFailureTest" finished-at="2022-03-13T11:32:33 ICT" duration-ms="15754" status="PASS">
          <reporter-output>
          </reporter-output>
        </test-method> <!-- LoginFailureTest -->
        <test-method is-config="true" signature="TearDown()[pri:0, instance:testcases.LoginTestMaven@342c38f8]" started-at="2022-03-13T11:32:33 ICT" name="TearDown" finished-at="2022-03-13T11:32:34 ICT" duration-ms="969" status="PASS">
          <reporter-output>
          </reporter-output>
        </test-method> <!-- TearDown -->
        <test-method is-config="true" signature="SetUp(java.lang.reflect.Method)[pri:0, instance:testcases.LoginTestMaven@342c38f8]" started-at="2022-03-13T11:32:34 ICT" name="SetUp" finished-at="2022-03-13T11:32:43 ICT" duration-ms="9353" status="PASS">
          <params>
            <param index="0">
              <value>
                <![CDATA[public void testcases.LoginTestMaven.LoginSuccessTest()]]>
              </value>
            </param>
          </params>
          <reporter-output>
          </reporter-output>
        </test-method> <!-- SetUp -->
        <test-method signature="LoginSuccessTest()[pri:0, instance:testcases.LoginTestMaven@342c38f8]" started-at="2022-03-13T11:32:43 ICT" name="LoginSuccessTest" finished-at="2022-03-13T11:33:00 ICT" duration-ms="16703" status="PASS">
          <reporter-output>
          </reporter-output>
        </test-method> <!-- LoginSuccessTest -->
        <test-method is-config="true" signature="TearDown()[pri:0, instance:testcases.LoginTestMaven@342c38f8]" started-at="2022-03-13T11:33:00 ICT" name="TearDown" finished-at="2022-03-13T11:33:01 ICT" duration-ms="1065" status="PASS">
          <reporter-output>
          </reporter-output>
        </test-method> <!-- TearDown -->
        <test-method is-config="true" signature="SetUp(java.lang.reflect.Method)[pri:0, instance:testcases.LoginTestMaven@342c38f8]" started-at="2022-03-13T11:33:01 ICT" name="SetUp" finished-at="2022-03-13T11:33:11 ICT" duration-ms="10047" status="PASS">
          <params>
            <param index="0">
              <value>
                <![CDATA[public void testcases.LoginTestMaven.ParameterizedTest(java.lang.String,java.lang.String)]]>
              </value>
            </param>
          </params>
          <reporter-output>
          </reporter-output>
        </test-method> <!-- SetUp -->
        <test-method signature="ParameterizedTest(java.lang.String,java.lang.String)[pri:0, instance:testcases.LoginTestMaven@342c38f8]" started-at="2022-03-13T11:33:11 ICT" name="ParameterizedTest" finished-at="2022-03-13T11:33:30 ICT" duration-ms="18851" status="PASS">
          <params>
            <param index="0">
              <value>
                <![CDATA[xyz@abc.com]]>
              </value>
            </param>
            <param index="1">
              <value>
                <![CDATA[Abc@12345]]>
              </value>
            </param>
          </params>
          <reporter-output>
          </reporter-output>
        </test-method> <!-- ParameterizedTest -->
        <test-method is-config="true" signature="TearDown()[pri:0, instance:testcases.LoginTestMaven@342c38f8]" started-at="2022-03-13T11:33:30 ICT" name="TearDown" finished-at="2022-03-13T11:33:31 ICT" duration-ms="1102" status="PASS">
          <reporter-output>
          </reporter-output>
        </test-method> <!-- TearDown -->
        <test-method is-config="true" signature="DataTearDown()[pri:0, instance:testcases.LoginTestMaven@342c38f8]" started-at="2022-03-13T11:33:31 ICT" name="DataTearDown" finished-at="2022-03-13T11:33:32 ICT" duration-ms="1500" status="PASS">
          <reporter-output>
          </reporter-output>
        </test-method> <!-- DataTearDown -->
      </class> <!-- testcases.LoginTestMaven -->
    </test> <!-- testng -->
  </suite> <!-- Suite -->
</testng-results>
