<?xml version="1.0" encoding="UTF-8"?>
<testng-results ignored="0" total="4" passed="4" failed="0" skipped="0">
  <reporter-output>
  </reporter-output>
  <suite started-at="2022-07-08T11:00:25 ICT" name="Suite" finished-at="2022-07-08T11:01:21 ICT" duration-ms="55412">
    <groups>
    </groups>
    <test started-at="2022-07-08T11:00:25 ICT" name="testng" finished-at="2022-07-08T11:01:21 ICT" duration-ms="55412">
      <class name="testcases.LoginTestMaven">
        <test-method is-config="true" signature="DataSetUP()[pri:0, instance:testcases.LoginTestMaven@209da20d]" started-at="2022-07-08T11:00:25 ICT" name="DataSetUP" finished-at="2022-07-08T11:00:26 ICT" duration-ms="380" status="PASS">
          <reporter-output>
          </reporter-output>
        </test-method> <!-- DataSetUP -->
        <test-method is-config="true" signature="SetUp(java.lang.reflect.Method)[pri:0, instance:testcases.LoginTestMaven@209da20d]" started-at="2022-07-08T11:00:26 ICT" name="SetUp" finished-at="2022-07-08T11:00:29 ICT" duration-ms="3298" status="PASS">
          <params>
            <param index="0">
              <value>
                <![CDATA[public void testcases.LoginTestMaven.ExternalDataTest()]]>
              </value>
            </param>
          </params>
          <reporter-output>
          </reporter-output>
        </test-method> <!-- SetUp -->
        <test-method signature="ExternalDataTest()[pri:0, instance:testcases.LoginTestMaven@209da20d]" started-at="2022-07-08T11:00:29 ICT" name="ExternalDataTest" finished-at="2022-07-08T11:00:40 ICT" duration-ms="10946" status="PASS">
          <reporter-output>
          </reporter-output>
        </test-method> <!-- ExternalDataTest -->
        <test-method is-config="true" signature="TearDown()[pri:0, instance:testcases.LoginTestMaven@209da20d]" started-at="2022-07-08T11:00:40 ICT" name="TearDown" finished-at="2022-07-08T11:00:40 ICT" duration-ms="140" status="PASS">
          <reporter-output>
          </reporter-output>
        </test-method> <!-- TearDown -->
        <test-method is-config="true" signature="SetUp(java.lang.reflect.Method)[pri:0, instance:testcases.LoginTestMaven@209da20d]" started-at="2022-07-08T11:00:40 ICT" name="SetUp" finished-at="2022-07-08T11:00:43 ICT" duration-ms="3276" status="PASS">
          <params>
            <param index="0">
              <value>
                <![CDATA[public void testcases.LoginTestMaven.LoginFailureTest()]]>
              </value>
            </param>
          </params>
          <reporter-output>
          </reporter-output>
        </test-method> <!-- SetUp -->
        <test-method signature="LoginFailureTest()[pri:0, instance:testcases.LoginTestMaven@209da20d]" started-at="2022-07-08T11:00:43 ICT" name="LoginFailureTest" finished-at="2022-07-08T11:00:53 ICT" duration-ms="9364" status="PASS">
          <reporter-output>
          </reporter-output>
        </test-method> <!-- LoginFailureTest -->
        <test-method is-config="true" signature="TearDown()[pri:0, instance:testcases.LoginTestMaven@209da20d]" started-at="2022-07-08T11:00:53 ICT" name="TearDown" finished-at="2022-07-08T11:00:53 ICT" duration-ms="125" status="PASS">
          <reporter-output>
          </reporter-output>
        </test-method> <!-- TearDown -->
        <test-method is-config="true" signature="SetUp(java.lang.reflect.Method)[pri:0, instance:testcases.LoginTestMaven@209da20d]" started-at="2022-07-08T11:00:53 ICT" name="SetUp" finished-at="2022-07-08T11:00:56 ICT" duration-ms="2857" status="PASS">
          <params>
            <param index="0">
              <value>
                <![CDATA[public void testcases.LoginTestMaven.LoginSuccessTest()]]>
              </value>
            </param>
          </params>
          <reporter-output>
          </reporter-output>
        </test-method> <!-- SetUp -->
        <test-method signature="LoginSuccessTest()[pri:0, instance:testcases.LoginTestMaven@209da20d]" started-at="2022-07-08T11:00:56 ICT" name="LoginSuccessTest" finished-at="2022-07-08T11:01:08 ICT" duration-ms="12524" status="PASS">
          <reporter-output>
          </reporter-output>
        </test-method> <!-- LoginSuccessTest -->
        <test-method is-config="true" signature="TearDown()[pri:0, instance:testcases.LoginTestMaven@209da20d]" started-at="2022-07-08T11:01:08 ICT" name="TearDown" finished-at="2022-07-08T11:01:08 ICT" duration-ms="150" status="PASS">
          <reporter-output>
          </reporter-output>
        </test-method> <!-- TearDown -->
        <test-method is-config="true" signature="SetUp(java.lang.reflect.Method)[pri:0, instance:testcases.LoginTestMaven@209da20d]" started-at="2022-07-08T11:01:08 ICT" name="SetUp" finished-at="2022-07-08T11:01:11 ICT" duration-ms="2805" status="PASS">
          <params>
            <param index="0">
              <value>
                <![CDATA[public void testcases.LoginTestMaven.ParameterizedTest(java.lang.String,java.lang.String)]]>
              </value>
            </param>
          </params>
          <reporter-output>
          </reporter-output>
        </test-method> <!-- SetUp -->
        <test-method signature="ParameterizedTest(java.lang.String,java.lang.String)[pri:0, instance:testcases.LoginTestMaven@209da20d]" started-at="2022-07-08T11:01:11 ICT" name="ParameterizedTest" finished-at="2022-07-08T11:01:20 ICT" duration-ms="9260" status="PASS">
          <params>
            <param index="0">
              <value>
                <![CDATA[xyz@abc.com]]>
              </value>
            </param>
            <param index="1">
              <value>
                <![CDATA[Abc@12345]]>
              </value>
            </param>
          </params>
          <reporter-output>
          </reporter-output>
        </test-method> <!-- ParameterizedTest -->
        <test-method is-config="true" signature="TearDown()[pri:0, instance:testcases.LoginTestMaven@209da20d]" started-at="2022-07-08T11:01:20 ICT" name="TearDown" finished-at="2022-07-08T11:01:20 ICT" duration-ms="116" status="PASS">
          <reporter-output>
          </reporter-output>
        </test-method> <!-- TearDown -->
        <test-method is-config="true" signature="DataTearDown()[pri:0, instance:testcases.LoginTestMaven@209da20d]" started-at="2022-07-08T11:01:20 ICT" name="DataTearDown" finished-at="2022-07-08T11:01:21 ICT" duration-ms="144" status="PASS">
          <reporter-output>
          </reporter-output>
        </test-method> <!-- DataTearDown -->
      </class> <!-- testcases.LoginTestMaven -->
    </test> <!-- testng -->
  </suite> <!-- Suite -->
</testng-results>
